<?xml version="1.0" encoding="UTF-8"?>
<testng-results ignored="0" total="1" passed="1" failed="0" skipped="0">
  <reporter-output>
  </reporter-output>
  <suite started-at="2026-04-18T13:56:47 IST" name="Default suite" finished-at="2026-04-18T13:57:12 IST" duration-ms="25167">
    <groups>
    </groups>
    <test started-at="2026-04-18T13:56:47 IST" name="Default test" finished-at="2026-04-18T13:57:12 IST" duration-ms="25167">
      <class name="test1.TakeSS">
        <test-method signature="takess()[pri:0, instance:test1.TakeSS@48ae9b55]" started-at="2026-04-18T13:56:47 IST" name="takess" finished-at="2026-04-18T13:57:12 IST" duration-ms="25129" status="PASS">
          <reporter-output>
          </reporter-output>
        </test-method> <!-- takess -->
      </class> <!-- test1.TakeSS -->
    </test> <!-- Default test -->
  </suite> <!-- Default suite -->
</testng-results>
